2018093006040902301034080111100858000000204031200
2018093006040902301034080211100858000000104041200
2018093006040902301034080311100858000000404071200
2018093006040902301034080411100858000000203071200
2018093006040902301034080511100858000000403081200
2018093006040902301034080611100858000000203101200
2018093006040902301034080711100858000000603121300
2018093006040902301034080811100858000000106030412
2018093006040902301034080911100858000000106030712
2018093006040902301034081011100858000000106030812
2018093006040902301034081111100858000000106031012
2018093006040902301034081211100858000000106031213
2018093006040902301034081311100858000000106040712
2018093006040902301034081411100858000000106040812
2018093006040902301034081511100858000000106041012
2018093006040902301034081611100858000000106041213
2018093006040902301034081711100858000000106070812
2018093006040902301034081811100858000000106071012
2018093006040902301034081911100858000000106071213
2018093006040902301034082011100858000000106081012
2018093006040902301034082111100858000000206081213
2018093006040902301034082211100858000000206101213
20180930060409033011010101111008580000001820100000060000000100010111000000000
2018093006040906301253360111100858000000106010307
2018093006040906301253360211100858000000106010407
2018093006040906301253360311100858000000106010709
2018093006040906301253360411100858000000106010716
2018093006040906301253360511100858000000106020307
2018093006040906301253360611100858000000206020407
2018093006040906301253360711100858000000106020709
2018093006040906301253360811100858000000106020716
2018093006040906301253360911100858000000206030407
2018093006040906301253361011100858000000106030507
2018093006040906301253361111100858000000106030709
2018093006040906301253361211100858000000106030710
2018093006040906301253361311100858000000106030712
2018093006040906301253361411100858000000106030713
2018093006040906301253361511100858000000106030716
2018093006040906301253361611100858000000106040507
2018093006040906301253361711100858000000206040709
2018093006040906301253361811100858000000106040710
2018093006040906301253361911100858000000106040712
2018093006040906301253362011100858000000106040713
2018093006040906301253362111100858000000206040716
2018093006040906301253362211100858000000106050709
2018093006040906301253362311100858000000106050716
2018093006040906301253362411100858000000106070910
2018093006040906301253362511100858000000106070912
2018093006040906301253362611100858000000106070913
2018093006040906301253362711100858000000106070916
2018093006040906301253362811100858000000106071016
2018093006040906301253362911100858000000106071216
2018093006040906301253363011100858000000106071316
2018093006040906301253363111100858000000404030700
2018093006040906301253363211100858000000904040700
2018093006040906301253363311100858000000304070900
2018093006040906301253363411100858000000404071600
2018093006040907301323270111100858010000106010209
2018093006040907301323270211100858010000106010211
2018093006040907301323270311100858010000106010214
2018093006040907301323270411100858010000206010216
2018093006040907301323270511100858010000106010309
2018093006040907301323270611100858010000106010311
2018093006040907301323270711100858010000106010314
2018093006040907301323270811100858010000106010316
2018093006040907301323270911100858010000106010409
2018093006040907301323271011100858010000106010411
2018093006040907301323271111100858010000106010414
2018093006040907301323271211100858010000106010416
2018093006040907301323271311100858010000106010509
2018093006040907301323271411100858010000106010511
2018093006040907301323271511100858010000106010514
2018093006040907301323271611100858010000106010516
2018093006040907301323271711100858010000206010709
2018093006040907301323271811100858010000206010711
2018093006040907301323271911100858010000206010714
2018093006040907301323272011100858010000306010716
2018093006040907301323272111100858010000106010910
2018093006040907301323272211100858010000206010911
2018093006040907301323272311100858010000106010912
2018093006040907301323272411100858010000206010914
2018093006040907301323272511100858010000406010916
2018093006040907301323272611100858010000106011011
2018093006040907301323272711100858010000106011014
2018093006040907301323272811100858010000106011016
2018093006040907301323272911100858010000106011112
2018093006040907301323273011100858010000206011114
2018093006040907301323273111100858010000306011116
2018093006040907301323273211100858010000106011214
2018093006040907301323273311100858010000106011216
2018093006040907301323273411100858010000306011416
2018093006040907301323273511100858010000106020309
2018093006040907301323273611100858010000106020311
2018093006040907301323273711100858010000106020314
2018093006040907301323273811100858010000106020316
2018093006040907301323273911100858010000106020409
2018093006040907301323274011100858010000106020411
2018093006040907301323274111100858010000106020414
2018093006040907301323274211100858010000106020416
2018093006040907301323274311100858010000106020509
2018093006040907301323274411100858010000106020511
2018093006040907301323274511100858010000106020514
2018093006040907301323274611100858010000106020516
2018093006040907301323274711100858010000106020709
2018093006040907301323274811100858010000106020711
2018093006040907301323274911100858010000106020714
2018093006040907301323275011100858010000206020716
2018093006040907301323320111100858020000106020910
2018093006040907301323320211100858020000106020911
2018093006040907301323320311100858020000106020912
2018093006040907301323320411100858020000106020914
2018093006040907301323320511100858020000206020916
2018093006040907301323320611100858020000106021011
2018093006040907301323320711100858020000106021014
2018093006040907301323320811100858020000106021016
2018093006040907301323320911100858020000106021112
2018093006040907301323321011100858020000106021114
2018093006040907301323321111100858020000206021116
2018093006040907301323321211100858020000106021214
2018093006040907301323321311100858020000106021216
2018093006040907301323321411100858020000206021416
2018093006040908301353390111100858000000306010208
2018093006040908301353390211100858000000106010308
2018093006040908301353390311100858000000106010408
2018093006040908301353390411100858000000206010608
2018093006040908301353390511100858000000406010708
2018093006040908301353390611100858000000306010810
2018093006040908301353390711100858000000106010811
2018093006040908301353390811100858000000206010812
2018093006040908301353390911100858000000406010813
2018093006040908301353391011100858000000106010814
2018093006040908301353391111100858000000106010815
2018093006040908301353391211100858000000106010816
2018093006040908301353391311100858000000306020810
2018093006040908301353391411100858000000406020813
2018093006040908301353391511100858000000106020815
2018093006040908301353391611100858000000106030810
2018093006040908301353391711100858000000106030813
2018093006040908301353391811100858000000106030815
2018093006040908301353391911100858000000206040810
2018093006040908301353392011100858000000206040813
2018093006040908301353392111100858000000106040815
2018093006040908301353392211100858000000206060810
2018093006040908301353392311100858000000206060813
2018093006040908301353392411100858000000106060815
2018093006040908301353392511100858000000406070810
2018093006040908301353392611100858000000606070813
2018093006040908301353392711100858000000106070815
2018093006040908301353392811100858000000106081011
2018093006040908301353392911100858000000206081012
2018093006040908301353393011100858000000606081013
2018093006040908301353393111100858000000106081014
2018093006040908301353393211100858000000106081015
2018093006040908301353393311100858000000206081016
2018093006040908301353393411100858000000106081113
2018093006040908301353393511100858000000106081115
2018093006040908301353393611100858000000306081213
2018093006040908301353393711100858000000106081215
2018093006040908301353393811100858000000106081314
2018093006040908301353393911100858000000106081315
2018093006040908301353394011100858000000206081316
2018093006040908301353394111100858000000106081415
2018093006040908301353394211100858000000106081516
2018093006040909301423520111100858000000306010207
2018093006040909301423520211100858000000106010307
2018093006040909301423520311100858000000106010407
2018093006040909301423520411100858000000106010507
2018093006040909301423520511100858000000106010607
2018093006040909301423520611100858000000106010708
2018093006040909301423520711100858000000106010709
2018093006040909301423520811100858000000106010710
2018093006040909301423520911100858000000106020307
2018093006040909301423521011100858000000206020407
2018093006040909301423521111100858000000506020507
2018093006040909301423521211100858000000206020607
2018093006040909301423521311100858000000106020708
2018093006040909301423521411100858000000106020709
2018093006040909301423521511100858000000606020710
2018093006040909301423521611100858000000106030407
2018093006040909301423521711100858000000106030710
2018093006040909301423521811100858000000106040507
2018093006040909301423521911100858000000106040607
2018093006040909301423522011100858000000106040708
2018093006040909301423522111100858000000106040709
2018093006040909301423522211100858000000106040710
2018093006040909301423522311100858000000206050710
2018093006040909301423522411100858000000106060710
2018093006040909301423522511100858000000106070810
2018093006040909301423522611100858000000106070910
2018093006040910301500030111100858000000305120200
2018093006040910301500030211100858000000705120500
2018093006040910301500030311100858000000405120600
2018093006040910301500030411100858000000305121000
2018093006040911301537400111100858010000207081210
2018093006040911301537400211100858010000207081203
2018093006040911301537400311100858010000207081211
2018093006040911301537400411100858010000207120803
2018093006040911301537400511100858010000207120810
2018093006040911301537400611100858010000207081215
2018093006040911301537400711100858010000107081012
2018093006040911301537400811100858010000107120811
2018093006040911301537400911100858010000107120815
2018093006040911301537401011100858010000107080312
2018093006040911301537401111100858010000107081112
2018093006040911301537401211100858010000107120308
2018093006040911301537401311100858010000107121008
2018093006040911301537401411100858010000107081512
2018093006040911301537401511100858010000107030812
2018093006040911301537401611100858010000107121108
2018093006040911301537401711100858010000107031208
2018093006040911301537401811100858010000107100812
2018093006040911301537401911100858010000107121508
2018093006040911301537402011100858010000107081214
2018093006040911301537402111100858010000107101208
2018093006040911301537402211100858010000107110812
2018093006040911301537402311100858010000107120814
2018093006040911301537402411100858010000107111208
2018093006040911301537402511100858010000107150812
2018093006040911301537402611100858010000107151208
2018093006040911301537402711100858010000107121003
2018093006040911301537402811100858010000107120311
2018093006040911301537402911100858010000107120310
2018093006040911301537403011100858010000107121103
2018093006040911301537403111100858010000107121011
2018093006040911301537403211100858010000107081412
2018093006040911301537403311100858010000107121110
2018093006040911301537403411100858010000107120315
2018093006040911301537403511100858010000107121015
2018093006040911301537403611100858010000107121503
2018093006040911301537403711100858010000107121510
2018093006040911301537403811100858010000107121408
2018093006040911301537403911100858010000107031211
2018093006040911301537404011100858010000107031210
2018093006040911301537404111100858010000107111203
2018093006040911301537404211100858010000107121511
2018093006040911301537404311100858010000107121115
2018093006040911301537404411100858010000107101203
2018093006040911301537404511100858010000107031112
2018093006040911301537404611100858010000107111210
2018093006040911301537404711100858010000107031215
2018093006040911301537404811100858010000107110312
2018093006040911301537404911100858010000107031012
2018093006040911301537405011100858010000107101211
2018093006040911301537570111100858020000107151210
2018093006040911301537570211100858020000107081202
2018093006040911301537570311100858020000107140812
2018093006040911301537570411100858020000107151203
2018093006040911301537570511100858020000107120802
2018093006040911301537570611100858020000107141208
2018093006040911301537570711100858020000107101215
2018093006040911301537570811100858020000107100312
2018093006040911301537570911100858020000107111012
2018093006040911301537571011100858020000107121514
2018093006040911301537571111100858020000107101112
2018093006040911301537571211100858020000107120314
2018093006040911301537571311100858020000107111215
2018093006040911301537571411100858020000107151211
2018093006040911301537571511100858020000107151012
2018093006040911301537571611100858020000107121014
2018093006040911301537571711100858020000107031512
2018093006040911301537571811100858020000107150312
2018093006040911301537571911100858020000107101512
2018093006040911301537572011100858020000107121415
2018093006040911301537572111100858020000107121403
2018093006040911301537572211100858020000107121114
2018093006040911301537572311100858020000107111512
2018093006040911301537572411100858020000107151112
2018093006040911301537572511100858020000107121410
2018093006040911301537572611100858020000107151214
2018093006040911301537572711100858020000107031214
2018093006040911301537572811100858020000107121411
2018093006040911301537572911100858020000107101214
2018093006040911301537573011100858020000107080212
2018093006040911301537573111100858020000107141215
2018093006040911301537573211100858020000107120208
2018093006040911301537573311100858020000107151412
2018093006040911301537573411100858020000107111214
2018093006040911301537573511100858020000107141512
2018093006040911301537573611100858020000107141203
2018093006040911301537573711100858020000107120302
2018093006040911301537573811100858020000107141210
2018093006040911301537573911100858020000107121002
2018093006040911301537574011100858020000107031412
2018093006040911301537574111100858020000107140312
2018093006040911301537574211100858020000107121102
2018093006040911301537574311100858020000107101412
2018093006040911301537574411100858020000107141211
2018093006040911301537574511100858020000107141012
2018093006040911301537574611100858020000107111412
2018093006040911301537574711100858020000107121502
2018093006040911301537574811100858020000107020812
2018093006040911301537574911100858020000107141112
2018093006040911301537575011100858020000107021208
2018093006040911301538150111100858030000107120203
2018093006040911301538150211100858030000107031202
2018093006040911301538150311100858030000107120210
2018093006040911301538150411100858030000107120211
2018093006040911301538150511100858030000107111202
2018093006040911301538150611100858030000107101202
2018093006040911301538150711100858030000107120215
2018093006040911301538150811100858030000107151202
2018093006040911301538150911100858030000107030212
2018093006040911301538151011100858030000107021203
2018093006040911301538151111100858030000107110212
2018093006040911301538151211100858030000107100212
2018093006040911301538151311100858030000107020312
2018093006040911301538151411100858030000107121402
2018093006040911301538151511100858030000107021210
2018093006040911301538151611100858030000107021012
2018093006040911301538151711100858030000107021211
2018093006040911301538151811100858030000107150212
2018093006040911301538151911100858030000107021112
2018093006040911301538152011100858030000107021215
2018093006040911301538152111100858030000107021512
2018093006040911301538152211100858030000107120214
2018093006040911301538152311100858030000107141202
2018093006040911301538152411100858030000107140212
2018093006040911301538152511100858030000107021214
2018093006040911301538152611100858030000107021412
2018093006040912301622530111100858000000106010312
2018093006040912301622530211100858000000106010612
2018093006040912301622530311100858000000106011215
2018093006040912301622530411100858000000106011216
2018093006040912301622530511100858000000106020312
2018093006040912301622530611100858000000206020612
2018093006040912301622530711100858000000206021215
2018093006040912301622530811100858000000106021216
2018093006040912301622530911100858000000106030512
2018093006040912301622531011100858000000106030612
2018093006040912301622531111100858000000106030712
2018093006040912301622531211100858000000106030812
2018093006040912301622531311100858000000106030912
2018093006040912301622531411100858000000106031112
2018093006040912301622531511100858000000106031213
2018093006040912301622531611100858000000106031214
2018093006040912301622531711100858000000106031215
2018093006040912301622531811100858000000106031216
2018093006040912301622531911100858000000606050612
2018093006040912301622532011100858000000406051215
2018093006040912301622532111100858000000206051216
2018093006040912301622532211100858000000106060712
2018093006040912301622532311100858000000206060812
2018093006040912301622532411100858000000306060912
2018093006040912301622532511100858000000206061112
2018093006040912301622532611100858000000206061213
2018093006040912301622532711100858000000106061214
2018093006040912301622532811100858000000406061215
2018093006040912301622532911100858000000206061216
2018093006040912301622533011100858000000106071215
2018093006040912301622533111100858000000106071216
2018093006040912301622533211100858000000106081215
2018093006040912301622533311100858000000106081216
2018093006040912301622533411100858000000206091215
2018093006040912301622533511100858000000106091216
2018093006040912301622533611100858000000106111215
2018093006040912301622533711100858000000106111216
2018093006040912301622533811100858000000206121315
2018093006040912301622533911100858000000106121316
2018093006040912301622534011100858000000106121415
2018093006040912301622534111100858000000106121416
2018093006040912301622534211100858000000106121516
2018093006040912301622534311100858000000504031200
2018093006040912301622534411100858000000604121600
