2018090909040201090949520111100858000000106050607
2018090909040201090949520211100858000000106050608
2018090909040201090949520311100858000000106050609
2018090909040201090949520411100858000000106050708
2018090909040201090949520511100858000000106050709
2018090909040201090949520611100858000000106050809
2018090909040201090949520711100858000000106060708
2018090909040201090949520811100858000000106060709
2018090909040201090949520911100858000000106060809
2018090909040201090949521011100858000000106070809
2018090909040201090951360111110858000000504050900
2018090909040201090951360211110858000000504060900
2018090909040202091022020111100858000000304010300
2018090909040202091022020211100858000000304030700
2018090909040202091022020311100858000000304030800
2018090909040202091022500111110858000000301010000
2018090909040203091051420111100858000000105050200
2018090909040203091051420211100858000000105050400
2018090909040203091051420311100858000000105050700
2018090909040203091051420411100858000000105051300
2018090909040203091051420511100858000000105051400
2018090909040203091051420611100858000000105051600
2018090909040203091051420711100858000000401040000
20180909060402040911380901111008580000001720100000010000000001010000100110000
2018090909040205091206390111100858000000607030406
2018090909040205091206390211100858000000607030604
2018090909040205091206390311100858000000607040306
2018090909040205091206390411100858000000607040603
2018090909040205091206390511100858000000607060304
2018090909040205091206390611100858000000607060403
2018090909040205091206390711100858000000400010000
