2018091706040501171008520111100858000001001050000
2018091709040502171023290111100858000000403010700
2018091709040502171023290211100858000000403020700
2018091709040502171023290311100858000001103040700
2018091709040502171023290411100858000000403050700
20180917090405031710460201111008580000001820100000060000000110001000000101000
2018091706040503171101370111100858000000206010305
2018091706040503171101370211100858000000106010308
2018091706040503171101370311100858000000406010309
2018091706040503171101370411100858000000406010310
2018091706040503171101370511100858000000106010508
2018091706040503171101370611100858000000706010509
2018091706040503171101370711100858000000606010510
2018091706040503171101370811100858000000106010809
2018091706040503171101370911100858000000106010810
2018091706040503171101371011100858000001706010910
2018091709040504171123040111100858010000107030709
2018091709040504171123040211100858010000107030712
2018091709040504171123040311100858010000107030718
2018091709040504171123040411100858010000107030907
2018091709040504171123040511100858010000107030912
2018091709040504171123040611100858010000107030918
2018091709040504171123040711100858010000107031207
2018091709040504171123040811100858010000107031209
2018091709040504171123040911100858010000107031218
2018091709040504171123041011100858010000107031807
2018091709040504171123041111100858010000107031809
2018091709040504171123041211100858010000107031812
2018091709040504171123041311100858010000107070309
2018091709040504171123041411100858010000107070312
2018091709040504171123041511100858010000107070318
2018091709040504171123041611100858010000107070903
2018091709040504171123041711100858010000107070912
2018091709040504171123041811100858010000107070918
2018091709040504171123041911100858010000107071203
2018091709040504171123042011100858010000107071209
2018091709040504171123042111100858010000107071218
2018091709040504171123042211100858010000107071803
2018091709040504171123042311100858010000107071809
2018091709040504171123042411100858010000107071812
2018091709040504171123042511100858010000107090307
2018091709040504171123042611100858010000107090312
2018091709040504171123042711100858010000107090318
2018091709040504171123042811100858010000107090703
2018091709040504171123042911100858010000107090712
2018091709040504171123043011100858010000107090718
2018091709040504171123043111100858010000107091203
2018091709040504171123043211100858010000107091207
2018091709040504171123043311100858010000107091218
2018091709040504171123043411100858010000107091803
2018091709040504171123043511100858010000107091807
2018091709040504171123043611100858010000107091812
2018091709040504171123043711100858010000107120307
2018091709040504171123043811100858010000107120309
2018091709040504171123043911100858010000107120318
2018091709040504171123044011100858010000107120703
2018091709040504171123044111100858010000107120709
2018091709040504171123044211100858010000107120718
2018091709040504171123044311100858010000107120903
2018091709040504171123044411100858010000107120907
2018091709040504171123044511100858010000107120918
2018091709040504171123044611100858010000107121803
2018091709040504171123044711100858010000107121807
2018091709040504171123044811100858010000107121809
2018091709040504171123044911100858010000107180307
2018091709040504171123045011100858010000107180309
2018091709040504171123100111100858020000107180312
2018091709040504171123100211100858020000107180703
2018091709040504171123100311100858020000107180709
2018091709040504171123100411100858020000107180712
2018091709040504171123100511100858020000107180903
2018091709040504171123100611100858020000107180907
2018091709040504171123100711100858020000107180912
2018091709040504171123100811100858020000107181203
2018091709040504171123100911100858020000107181207
2018091709040504171123101011100858020000107181209
20180917060405061711312601111008580000001820100000060000000000010010010101000
2018091709040505171212320111100858000001806010306
2018091709040505171212320211100858000000306010406
2018091709040505171212320311100858000000906010610
2018091709040505171212320411100858000000406010611
2018091709040505171212320511100858000000206030406
2018091709040505171212320611100858000000606030610
2018091709040505171212320711100858000000306030611
2018091709040505171212320811100858000000106040610
2018091709040505171212320911100858000000106040611
2018091709040505171212321011100858000000206061011
2018091709040507171313550111100858000000304010300
2018091709040507171313550211100858000000404010400
2018091709040507171313550311100858000000104010500
2018091709040507171313550411100858000000704010900
2018091709040507171313550511100858000000304011000
2018091709040507171313550611100858000000204011100
2018091709040507171313550711100858000000104011500
2018091709040507171313550811100858000000204011700
2018091709040507171313550911100858000000104011800
2018091709040510171458400111100858000000503010200
2018091709040510171458400211100858000000503020300
2018091706040510171508080111100858000001001130000
2018091706040510171508080211100858000001000130000
2018091709040511171533230111100858000000403010200
2018091709040511171533230211100858000000703010400
2018091709040511171533230311100858000001203011100
2018091709040511171533230411100858000000603011200
2018091709040511171533230511100858000000403011300
2018091706040511171541480111100858000001003010400
2018091706040511171541480211100858000002004010400
2018091706040511171541480311100858000002004040500
2018091706040511171541480411100858000000506010405
2018091709040512171607420111100858010001907040716
2018091709040512171607420211100858010001807041607
2018091709040512171607420311100858010001107040708
2018091709040512171607420411100858010001107041608
2018091709040512171607420511100858010000807041606
2018091709040512171607420611100858010000807040807
2018091709040512171607420711100858010000807040816
2018091709040512171607420811100858010000807040706
2018091709040512171607420911100858010000607040616
2018091709040512171607421011100858010000507040607
2018091709040512171607421111100858010000507040711
2018091709040512171607421211100858010000507041611
2018091709040512171607421311100858010000407040806
2018091709040512171607421411100858010000407040608
2018091709040512171607421511100858010000307041116
2018091709040512171607421611100858010000307041107
2018091709040512171607421711100858010000307041613
2018091709040512171607421811100858010000307041614
2018091709040512171607421911100858010000307040703
2018091709040512171607422011100858010000307040714
2018091709040512171607422111100858010000307041610
2018091709040512171607422211100858010000307040713
2018091709040512171607422311100858010000307040710
2018091709040512171607422411100858010000307040811
2018091709040512171607422511100858010000307041603
2018091709040512171607422611100858010000207040814
2018091709040512171607422711100858010000207040611
2018091709040512171607422811100858010000207041106
2018091709040512171607422911100858010000207041416
2018091709040512171607423011100858010000207041316
2018091709040512171607423111100858010000207041108
2018091709040512171607423211100858010000207041016
2018091709040512171607423311100858010000207041407
2018091709040512171607423411100858010000207041007
2018091709040512171607423511100858010000207041307
2018091709040512171607423611100858010000207040813
2018091709040512171607423711100858010000207040803
2018091709040512171607423811100858010000207040810
2018091709040512171607423911100858010000207041408
2018091709040512171607424011100858010000207040307
2018091709040512171607424111100858010000107040610
2018091709040512171607424211100858010000207040316
2018091709040512171607424311100858010000107040613
2018091709040512171607424411100858010000107040614
2018091709040512171607424511100858010000107041008
2018091709040512171607424611100858010000107040603
2018091709040512171607424711100858010000107041308
2018091709040512171607424811100858010000107040308
2018091709040512171607424911100858010000107041306
2018091709040512171607425011100858010000107041113
2018091709040512171607480111100858020000107041006
2018091709040512171607480211100858020000107041103
2018091709040512171607480311100858020000107041311
2018091709040512171607480411100858020000107041406
2018091709040512171607480511100858020000107041110
2018091709040512171607480611100858020000107040306
2018091709040512171607480711100858020000107041411
2018091709040512171607480811100858020000107041114
2018091709040512171607480911100858020000107041011
2018091709040512171607481011100858020000107040311
2018091709040512171607481111100858020000107041014
2018091709040512171607481211100858020000107041410
2018091709040512171607481311100858020000107041413
2018091709040512171607481411100858020000107041403
2018091709040512171607481511100858020000107041314
2018091709040512171607481611100858020000107040313
2018091709040512171607481711100858020000107041310
2018091709040512171607481811100858020000107040314
2018091709040512171607481911100858020000107041003
2018091709040512171607482011100858020000107041013
2018091709040512171607482111100858020000107040310
2018091709040512171607482211100858020000107041303
2018091706040512171623390111100858000000104070800
2018091706040512171623390211100858000000104070900
2018091706040512171623390311100858000000104071200
2018091706040512171623390411100858000000104071400
2018091706040512171623390511100858000000104080900
2018091706040512171623390611100858000000104081200
2018091706040512171623390711100858000000204081400
2018091706040512171623390811100858000000104091200
2018091706040512171623390911100858000000204091400
2018091706040512171623391011100858000000104121400
