20180916090404041611223001111008580000001820100000006000000000000010100010000
2018091609040404161122300211100858000000103010500
2018091609040404161122300311100858000000603030500
2018091609040404161122300411100858000000403040500
20180916060404041611345701111008580000001820100000060000000010110000010100000
2018091609040405161213190111100858000000107020409
2018091609040405161213190211100858000000107020609
2018091609040405161213190311100858000000107020904
2018091609040405161213190411100858000000107020906
2018091609040405161213190511100858000000107040209
2018091609040405161213190611100858000000107040902
2018091609040405161213190711100858000000107060209
2018091609040405161213190811100858000000107060902
2018091609040405161213190911100858000000107090204
2018091609040405161213191011100858000000107090206
2018091609040405161213191111100858000000107090402
2018091609040405161213191211100858000000107090602
2018091606040405161227300111100858000001400040000
2018091606040405161227300211100858000000103040800
2018091606040405161227300311100858000000203041000
2018091606040405161227300411100858000000703041200
2018091606040405161227300511100858000000304040800
2018091606040405161227300611100858000000106040810
2018091606040405161227300711100858000000106040812
2018091606040405161227300811100858000000206041012
2018091609040406161242270111100858000000603030400
2018091609040406161242270211100858000000103040900
2018091609040406161242270311100858000000303041200
2018091609040406161242270411100858000000203041600
2018091609040406161242270511100858000000304040900
2018091609040406161242270611100858000000804041200
2018091609040406161242270711100858000000504041600
2018091609040406161242270811100858000000106030409
2018091609040406161242270911100858000000106030412
2018091609040406161242271011100858000000106030416
2018091609040406161242271111100858000000106040912
2018091609040406161242271211100858000000106040916
2018091609040406161242271311100858000000106041216
20180916060404061612574201111008580000001820100000006000000001000000000100100
2018091606040406161257420211100858000000801010000
2018091606040406161257420311100858000000301110000
2018091606040406161257420411100858000000104010800
2018091606040406161257420511100858000000104011100
2018091606040406161257420611100858000000204011600
2018091606040406161257420711100858000000104081100
2018091606040406161257420811100858000000904081600
2018091606040406161257420911100858000000104111600
2018091606040406161257421011100858000000106010811
2018091606040406161257421111100858000000106010816
2018091606040406161257421211100858000000106011116
2018091606040406161257421311100858000000106081116
2018091609040407161311510111100858000000203010400
2018091609040407161311510211100858000000503020400
2018091609040407161311510311100858000000103040800
2018091609040407161311510411100858000000106010204
2018091609040407161311510511100858000000106010408
2018091609040407161311510611100858000000106010411
2018091609040407161311510711100858000000106020408
2018091609040407161311510811100858000000106020411
2018091609040407161311510911100858000000106040811
2018091609040407161311511011100858000000203041100
2018091606040407161327470111100858000000406010307
2018091606040407161327470211100858000002806010310
2018091606040407161327470311100858000001006010710
2018091606040407161327470411100858000001306030710
2018091606040407161327470511100858000000601080000
2018091609040408161348230111100858000000103010900
2018091609040408161348230211100858000001203040900
2018091609040408161348230311100858000000103050900
2018091609040408161348230411100858000000903070900
2018091609040408161348230511100858000000103091100
2018091609040408161348230611100858000000203091400
2018091609040408161348230711100858000000404010900
2018091609040408161348230811100858000000104050900
2018091609040408161348230911100858000000204091100
2018091609040408161348231011100858000000504091400
2018091606040408161358370111100858000001001060000
2018091606040408161358370211100858000001001110000
2018091609040409161422420111100858000001106010205
2018091609040409161422420211100858000000306010209
2018091609040409161422420311100858000000306010210
2018091609040409161422420411100858000000206010509
2018091609040409161422420511100858000000206010510
2018091609040409161422420611100858000000106010910
2018091609040409161422420711100858000000406020509
2018091609040409161422420811100858000000406020510
2018091609040409161422420911100858000000206020910
2018091609040409161422421011100858000000106050910
2018091606040409161433520111100858000002106030409
2018091606040409161433520211100858000001206030509
2018091606040409161433520311100858000000306030609
2018091606040409161433520411100858000001306030709
2018091606040409161433520511100858000000506030809
2018091606040409161433520611100858000000706030911
2018091606040409161433520711100858000001506040509
2018091606040409161433520811100858000000306040609
2018091606040409161433520911100858000001706040709
2018091606040409161433521011100858000000706040809
2018091606040409161433521111100858000000906040911
2018091606040409161433521211100858000000206050609
2018091606040409161433521311100858000001006050709
2018091606040409161433521411100858000000406050809
2018091606040409161433521511100858000000606050911
2018091606040409161433521611100858000000206060709
2018091606040409161433521711100858000000106060809
2018091606040409161433521811100858000000206060911
2018091606040409161433521911100858000000506070809
2018091606040409161433522011100858000000706070911
2018091606040409161433522111100858000000306080911
2018091609040410161457270111100858000000106010204
2018091609040410161457270211100858000001006010405
2018091609040410161457270311100858000000606010406
2018091609040410161457270411100858000000306020405
2018091609040410161457270511100858000000306020406
2018091609040410161457270611100858000003206040506
2018091606040410161509020111100858000000106030509
2018091606040410161509020211100858000000306030510
2018091606040410161509020311100858000001306030511
2018091606040410161509020411100858000000106030512
2018091606040410161509020511100858000000106030910
2018091606040410161509020611100858000000106030911
2018091606040410161509020711100858000000106030912
2018091606040410161509020811100858000000206031011
2018091606040410161509020911100858000000106031012
2018091606040410161509021011100858000000106031112
2018091609040411161533070111100858010000106010314
2018091609040411161533070211100858010000106010414
2018091609040411161533070311100858010000106010514
2018091609040411161533070411100858010000106010614
2018091609040411161533070511100858010000106010714
2018091609040411161533070611100858010000106010814
2018091609040411161533070711100858010000106010914
2018091609040411161533070811100858010000106011014
2018091609040411161533070911100858010000106011114
2018091609040411161533071011100858010000106011214
2018091609040411161533071111100858010000106011314
2018091609040411161533071211100858010000106011415
2018091609040411161533071311100858010000106030414
2018091609040411161533071411100858010000106030514
2018091609040411161533071511100858010000106030614
2018091609040411161533071611100858010000106030714
2018091609040411161533071711100858010000106030814
2018091609040411161533071811100858010000106030914
2018091609040411161533071911100858010000106031014
2018091609040411161533072011100858010000106031114
2018091609040411161533072111100858010000106031214
2018091609040411161533072211100858010000106031314
2018091609040411161533072311100858010000106031415
2018091609040411161533072411100858010000106040514
2018091609040411161533072511100858010000106040614
2018091609040411161533072611100858010000106040714
2018091609040411161533072711100858010000106040814
2018091609040411161533072811100858010000106040914
2018091609040411161533072911100858010000106041014
2018091609040411161533073011100858010000106041114
2018091609040411161533073111100858010000106041214
2018091609040411161533073211100858010000106041314
2018091609040411161533073311100858010000106041415
2018091609040411161533073411100858010000206050614
2018091609040411161533073511100858010000306050714
2018091609040411161533073611100858010000606050814
2018091609040411161533073711100858010000106050914
2018091609040411161533073811100858010000106051014
2018091609040411161533073911100858010000206051114
2018091609040411161533074011100858010000206051214
2018091609040411161533074111100858010000206051314
2018091609040411161533074211100858010000106051415
2018091609040411161533074311100858010000206060714
2018091609040411161533074411100858010000306060814
2018091609040411161533074511100858010000106060914
2018091609040411161533074611100858010000106061014
2018091609040411161533074711100858010000106061114
2018091609040411161533074811100858010000106061214
2018091609040411161533074911100858010000106061314
2018091609040411161533075011100858010000106061415
2018091609040411161533140111100858020000406070814
2018091609040411161533140211100858020000106070914
2018091609040411161533140311100858020000106071014
2018091609040411161533140411100858020000206071114
2018091609040411161533140511100858020000206071214
2018091609040411161533140611100858020000206071314
2018091609040411161533140711100858020000106071415
2018091609040411161533140811100858020000106080914
2018091609040411161533140911100858020000106081014
2018091609040411161533141011100858020000306081114
2018091609040411161533141111100858020000206081214
2018091609040411161533141211100858020000406081314
2018091609040411161533141311100858020000106081415
2018091609040411161533141411100858020000106091014
2018091609040411161533141511100858020000106091114
2018091609040411161533141611100858020000106091214
2018091609040411161533141711100858020000106091314
2018091609040411161533141811100858020000106091415
2018091609040411161533141911100858020000106101114
2018091609040411161533142011100858020000106101214
2018091609040411161533142111100858020000106101314
2018091609040411161533142211100858020000106101415
2018091609040411161533142311100858020000106111214
2018091609040411161533142411100858020000106111314
2018091609040411161533142511100858020000106111415
2018091609040411161533142611100858020000106121314
2018091609040411161533142711100858020000106121415
2018091609040411161533142811100858020000106131415
2018091606040411161543450111100858000000306010204
2018091606040411161543450211100858000000106010304
2018091606040411161543450311100858000001006010405
2018091606040411161543450411100858000000206010407
2018091606040411161543450511100858000000306010409
2018091606040411161543450611100858000000106020304
2018091606040411161543450711100858000000606020405
2018091606040411161543450811100858000000206020407
2018091606040411161543450911100858000000206020409
2018091606040411161543451011100858000000306030405
2018091606040411161543451111100858000000106030407
2018091606040411161543451211100858000000106030409
2018091606040411161543451311100858000000506040507
2018091606040411161543451411100858000000906040509
2018091606040411161543451511100858000000206040709
2018091609040412161608180111100858010000806121314
2018091609040412161608180211100858010000606061214
2018091609040412161608180311100858010000506061314
2018091609040412161608180411100858010000406131415
2018091609040412161608180511100858010000406041214
2018091609040412161608180611100858010000306121415
2018091609040412161608180711100858010000306041314
2018091609040412161608180811100858010000306040614
2018091609040412161608180911100858010000206061415
2018091609040412161608181011100858010000206101214
2018091609040412161608181111100858010000206101314
2018091609040412161608181211100858010000206031314
2018091609040412161608181311100858010000206031214
2018091609040412161608181411100858010000206061014
2018091609040412161608181511100858010000206041415
2018091609040412161608181611100858010000206030614
2018091609040412161608181711100858010000206021214
2018091609040412161608181811100858010000106041014
2018091609040412161608181911100858010000106101415
2018091609040412161608182011100858010000106020614
2018091609040412161608182111100858010000106021314
2018091609040412161608182211100858010000106081214
2018091609040412161608182311100858010000106030414
2018091609040412161608182411100858010000106081314
2018091609040412161608182511100858010000106031415
2018091609040412161608182611100858010000106060814
2018091609040412161608182711100858010000106031014
2018091609040412161608182811100858010000106020414
2018091609040412161608182911100858010000106021415
2018091609040412161608183011100858010000106040814
2018091609040412161608183111100858010000106051214
2018091609040412161608183211100858010000106020314
2018091609040412161608183311100858010000106081415
2018091609040412161608183411100858010000106051314
2018091609040412161608183511100858010000106021014
2018091609040412161608183611100858010000106030814
2018091609040412161608183711100858010000106081014
2018091609040412161608183811100858010000106050614
2018091609040412161608183911100858010000106020814
2018091609040412161608184011100858010000106040514
2018091609040412161608184111100858010000106111214
2018091609040412161608184211100858010000106051415
2018091609040412161608184311100858010000106111314
2018091609040412161608184411100858010000106030514
2018091609040412161608184511100858010000106061114
2018091609040412161608184611100858010000106051014
2018091609040412161608184711100858010000106020514
2018091609040412161608184811100858010000106050814
2018091609040412161608184911100858010000106111415
2018091609040412161608185011100858010000106041114
2018091609040412161608260111100858020000106031114
2018091609040412161608260211100858020000106101114
2018091609040412161608260311100858020000106081114
2018091609040412161608260411100858020000106021114
2018091609040412161608260511100858020000106051114
2018091606040412161623150111100858000000106020311
2018091606040412161623150211100858000000106020411
2018091606040412161623150311100858000000106020511
2018091606040412161623150411100858000000106020611
2018091606040412161623150511100858000000106020811
2018091606040412161623150611100858000000106020911
2018091606040412161623150711100858000000106021112
2018091606040412161623150811100858000000106021113
2018091606040412161623150911100858000000106021114
2018091606040412161623151011100858000000106030411
2018091606040412161623151111100858000000106030511
2018091606040412161623151211100858000000106030611
2018091606040412161623151311100858000000106030811
2018091606040412161623151411100858000000106030911
2018091606040412161623151511100858000000206031112
2018091606040412161623151611100858000000106031113
2018091606040412161623151711100858000000106031114
2018091606040412161623151811100858000000106040511
2018091606040412161623151911100858000000106040611
2018091606040412161623152011100858000000106040811
2018091606040412161623152111100858000000106040911
2018091606040412161623152211100858000000206041112
2018091606040412161623152311100858000000106041113
2018091606040412161623152411100858000000106041114
2018091606040412161623152511100858000000106050611
2018091606040412161623152611100858000000106050811
2018091606040412161623152711100858000000106050911
2018091606040412161623152811100858000000106051112
2018091606040412161623152911100858000000106051113
2018091606040412161623153011100858000000106051114
2018091606040412161623153111100858000000106060811
2018091606040412161623153211100858000000106060911
2018091606040412161623153311100858000000306061112
2018091606040412161623153411100858000000106061113
2018091606040412161623153511100858000000106061114
2018091606040412161623153611100858000000206080911
2018091606040412161623153711100858000000406081112
2018091606040412161623153811100858000000206081113
2018091606040412161623153911100858000000106081114
2018091606040412161623154011100858000000606091112
2018091606040412161623154111100858000000206091113
2018091606040412161623154211100858000000106091114
2018091606040412161623154311100858000000506111213
2018091606040412161623154411100858000000306111214
2018091606040412161623154511100858000000206111314
