201809090949B01000000010910019
201809090951B00200000010910020
201809091022B00300000009920021
201809091022B00100000003920022
201809091051B00700000010930023
201809091138B00100000010640024
201809091206B00700000040950025
201809161122B00400000017940010
201809161134B00100000060640011
201809161139X00200000067640000
201809161213B01200000012950012
201809161227B00800000031650013
201809161242B01300000034960014
201809161257B01300000036660015
201809161311B01000000016970016
201809161327B00500000061670017
201809161348B01000000038980018
201809161358B00200000020680019
201809161422B01000000033990020
201809161433B02100000154690021
201809161457B006000000559A0022
201809161509B010000000256A0023
201809161533B050000000649B0024
201809161533B028000000409B0025
201809161543B015000000516B0026
201809161608B050000000879C0027
201809161608B005000000059C0028
201809161623B045000000676C0029
201809170955X00600000014910000
201809171008B00100000010610030
201809171023B00400000023920031
201809171046B00100000060930032
201809171101B01000000044630033
201809171123B05000000050940034
201809171123B01000000010940035
201809171131B00100000060660036
201809171212B01000000049950037
201809171313B00900000024970038
201809171458B002000000109A0039
201809171508B002000000206A0040
201809171533B005000000339B0041
201809171541B004000000556B0042
201809171607B050000001949C0043
201809171607B022000000229C0044
201809171623B010000000126C0045
201809301034B02200000038620022
201809301101B00100000060630023
201809301134X02800000042640000
201809301224X02100000058650000
201809301253B03400000054660024
201809301323B05000000067670025
201809301323B01400000017670026
201809301353B04200000081680027
201809301423B02600000040690028
201809301500B004000000176A0029
201809301500X004000000176A0000
201809301537B050000000566B0030
201809301537B050000000506B0031
201809301538B026000000266B0032
201809301622B044000000756C0033
201810021001B00100000060930034
