[2016/08/25 14:03:47]
  グレートエディ　　 → スキャットエディ　 (データ作成日 2015/11/05)

[2016/08/25 14:16:05]
  ミリノサプライズ　 → マイグランクロア　 (データ作成日 2015/11/26)

[2016/08/25 14:19:57]
  ヒカリメモリー　　 → ヒカリトップメモリ (データ作成日 2015/12/03)

[2016/08/25 14:24:08]
  ホーザンペガソス　 → カシノスピーディン (データ作成日 2015/12/10)

[2016/08/25 14:46:42]
  アースルチア　　　 → アースビーガ　　　 (データ作成日 2016/01/14)

[2016/08/25 15:38:42]
  サダムフクオン　　 → スイートアリエッタ (データ作成日 2016/04/14)

[2016/08/25 15:57:05]
  ダイナマイトバディ → ジャンダラリン　　 (データ作成日 2016/05/19)

[2016/08/25 16:00:56]
  ヒカリチャリス　　 → ヒカリダイヤグラム (データ作成日 2016/05/26)

[2016/08/25 16:04:44]
  ヒカリヒマワリ　　 → ヒカリカトレア　　 (データ作成日 2016/06/02)

[2016/08/25 16:04:44]
  サーストンエンド　 → サーストンウィナー (データ作成日 2016/06/02)

[2016/08/25 16:08:12]
  マッシュルーム　　 → デザートトリップ　 (データ作成日 2016/06/09)

[2016/08/25 16:11:23]
  ミトノシイバー　　 → シゲルボスザル　　 (データ作成日 2016/06/16)

[2016/08/25 16:17:58]
  ビレッジマウンテル → ビレッジマウンテン (データ作成日 2016/06/30)

[2016/08/25 16:17:58]
  アリュールコーナー → レンレン　　　　　 (データ作成日 2016/06/30)

[2016/08/25 16:24:50]
  キンボシ　　　　　 → チシャーキャット　 (データ作成日 2016/07/14)

[2016/08/25 16:37:36]
  コウエイツバキ　　 → イナズママンボ　　 (データ作成日 2016/08/11)

[2016/08/26 10:41:05]
  コウエイヒビキ　　 → マンボトップスター (データ作成日 2016/08/25)

[2016/09/09 14:39:50]
  マイキャプテン　　 → エヌティーバルドル (データ作成日 2016/09/01)

[2016/10/07 16:21:00]
  アドマイヤエスパー → アドマイヤアゼリ　 (データ作成日 2016/09/29)

[2016/10/07 16:21:00]
  アドマイヤゲーム　 → アドマイヤローザ　 (データ作成日 2016/09/29)

[2016/10/07 16:21:00]
  アドマイヤラッシュ → アドマイヤロブソン (データ作成日 2016/09/29)

[2016/10/07 16:21:00]
  アドマイヤピース　 → アドマイヤホルン　 (データ作成日 2016/09/29)

[2016/10/07 16:21:01]
  アドマイヤクレバー → アドマイヤアルパマ (データ作成日 2016/09/29)

[2016/10/07 16:21:01]
  アドマイヤエース　 → アドマイヤジョラス (データ作成日 2016/09/29)

[2016/10/07 17:32:28]
  アドマイヤドルチェ → アドマイヤシナイ　 (データ作成日 2016/10/06)

[2016/10/07 17:32:28]
  ギンザブラウン　　 → サクラハナコ　　　 (データ作成日 2016/10/06)

