[2015/01/06 10:29:36]
  サヨチャン　　　　 → フルオブチャーム　 (データ作成日 2014/04/03)

[2015/01/06 10:58:03]
  コパノシスター　　 → ホワイトガーデン　 (データ作成日 2014/05/29)

[2015/01/06 10:58:03]
  ラブミーケント　　 → キモンダッシュ　　 (データ作成日 2014/05/29)

[2015/01/06 11:04:30]
  テンザンリッチ　　 → テンザリッチ　　　 (データ作成日 2014/06/12)

[2015/01/06 11:10:43]
  フジウマ　　　　　 → ヴィクトリースノー (データ作成日 2014/06/26)

[2015/01/06 11:13:43]
  ツクバサクラコ　　 → ハニーフォンテン　 (データ作成日 2014/07/03)

[2015/01/06 11:13:47]
  ビヨンドオール　　 → ビヨンジオール　　 (データ作成日 2014/07/03)

[2015/01/06 11:19:26]
  エナジャイズテラス → エナジャイズ　　　 (データ作成日 2014/07/17)

[2015/01/06 11:43:32]
  サーチライト　　　 → ビッグチャンピオン (データ作成日 2014/09/11)

[2015/01/06 12:03:32]
  モエレソングウェル → マサノソングウェル (データ作成日 2014/10/23)

[2015/01/06 12:35:39]
  トーワエリザベス　 → ホーリーエンジェル (データ作成日 2014/12/25)

[2015/01/06 12:35:39]
  トモノコトブキ　　 → シャトーボルト　　 (データ作成日 2014/12/25)

[2015/09/02 15:12:00]
  キョウミシンシン　 → エリースプライト　 (データ作成日 2015/01/08)

[2015/09/02 15:15:31]
  クリノチャンタ　　 → クリノリーソクツモ (データ作成日 2015/01/15)

[2015/09/02 15:17:59]
  フヨウマングローブ → アフェクトダンサー (データ作成日 2015/01/22)

[2015/09/02 15:22:48]
  サプライズボタン　 → サクラデスティーノ (データ作成日 2015/02/05)

[2015/09/02 15:25:09]
  アルタンツェツグ　 → ミトス　　　　　　 (データ作成日 2015/02/12)

[2015/09/02 16:01:00]
  イチカチャン　　　 → キタノシャーロット (データ作成日 2015/05/28)

[2015/09/02 16:01:00]
  テーゾロミノル　　 → テゾーロミノル　　 (データ作成日 2015/05/28)

[2015/09/02 16:07:20]
  イエローグリーン　 → ヴァーシカラー　　 (データ作成日 2015/06/18)

[2015/09/02 16:11:40]
  クリノシノン　　　 → クリノエディンバラ (データ作成日 2015/07/02)

[2015/09/02 16:11:41]
  クリノシュノンソー → クリノヴェルサイユ (データ作成日 2015/07/02)

[2015/09/02 16:11:41]
  ショウザイシンボウ → ショウザイシンホー (データ作成日 2015/07/02)

[2015/09/02 16:19:17]
  メイショウスイツキ → メイショウスイヅキ (データ作成日 2015/07/30)

[2015/10/08 09:37:49]
  ミュゼカエサル　　 → カエサル　　　　　 (データ作成日 2015/09/17)

[2015/10/08 09:37:50]
  アワミューズ　　　 → マイエクトミューズ (データ作成日 2015/09/17)

[2015/10/08 09:37:50]
  ミュゼモーゼス　　 → モーゼス　　　　　 (データ作成日 2015/09/17)

[2015/10/08 09:38:14]
  カラダシャトル　　 → ゾイ　　　　　　　 (データ作成日 2015/09/24)

[2015/10/08 09:38:15]
  アドヴェンチャラス → アルビオン　　　　 (データ作成日 2015/09/24)

[2015/10/08 09:38:41]
  リンノショウリ　　 → タケルアロー　　　 (データ作成日 2015/10/01)

[2015/10/08 09:38:42]
  ミュゼジャスティ　 → ヤマイチジャスティ (データ作成日 2015/10/01)

[2015/10/16 17:00:19]
  アバンダンス　　　 → アバンダント　　　 (データ作成日 2015/10/15)

