[2017/03/23 19:52:52]
  ガウス　　　　　　 → フラッシュイメル　 (データ作成日 2017/03/23)

[2017/05/29 16:00:44]
  アドマイヤセレン　 → アドマイヤセレブ　 (データ作成日 2017/05/25)

[2017/05/29 16:00:44]
  アドマイヤテュール → アドマイヤサン　　 (データ作成日 2017/05/25)

[2017/05/29 16:00:44]
  アドマイヤティアラ → アドマイヤビート　 (データ作成日 2017/05/25)

[2017/05/29 16:00:44]
  アドマイヤサーフ　 → アドマイヤヒビキ　 (データ作成日 2017/05/25)

[2017/05/29 16:00:44]
  アドマイヤルナソル → アドマイヤテン　　 (データ作成日 2017/05/25)

[2017/05/29 16:00:44]
  アドマイヤアクロス → アドマイヤデジタル (データ作成日 2017/05/25)

[2017/05/29 16:00:44]
  イートンジャケット → モッコスファイター (データ作成日 2017/05/25)

[2017/06/02 17:23:08]
  アドマイヤラブリー → アドマイヤクィーン (データ作成日 2017/06/01)

[2017/06/30 13:36:49]
  ペンタゴン　　　　 → エンパイアソング　 (データ作成日 2017/06/22)

[2017/07/14 10:04:36]
  ローランサン　　　 → クリノローランサン (データ作成日 2017/07/13)

[2017/08/02 10:37:42]
  ゴリンノホシ　　　 → チャンピオンノホシ (データ作成日 2017/07/27)

[2017/08/02 10:37:43]
  トビーズロック　　 → カイトセブン　　　 (データ作成日 2017/07/27)

[2017/08/14 14:44:39]
  メガチャンス　　　 → グランエクシト　　 (データ作成日 2017/08/10)

[2017/08/27 11:14:12]
  シャトードラゴン　 → シャトープリンセス (データ作成日 2017/08/17)

[2017/08/27 11:15:04]
  バーミヤン　　　　 → カスミアラモード　 (データ作成日 2017/08/24)

[2017/10/17 16:28:56]
  ペプチドシヤプネス → ペプチドシャプネス (データ作成日 2017/10/05)

[2017/10/17 16:28:56]
  パッションレディー → セイウンキャンティ (データ作成日 2017/10/05)

[2017/10/17 16:28:56]
  メイショウアンヘル → メイショウエンゼル (データ作成日 2017/10/05)

[2017/10/21 10:07:49]
  ラヴインブラッド　 → クリノカナロアオー (データ作成日 2017/10/19)

[2017/11/13 17:55:42]
  サニーリバイブ　　 → サニーリバル　　　 (データ作成日 2017/10/26)

[2017/11/27 17:32:59]
  ルーセント　　　　 → シリウスインパクト (データ作成日 2017/11/16)

[2017/12/10 06:40:10]
  ジャンポケタカオ　 → ファイヤードラゴン (データ作成日 2017/12/07)

