[2018/01/15 09:54:33]
  クニノブロイ　　　 → イクヨロブロイ　　 (データ作成日 2017/12/14)

[2018/01/15 09:56:17]
  キモンサリーナ　　 → コパノエミー　　　 (データ作成日 2018/01/04)

[2018/01/15 09:56:17]
  ガンカープンスム　 → マカルーテソーロ　 (データ作成日 2018/01/04)

[2018/01/26 10:28:24]
  クイーンソンリッサ → ソンリッサ　　　　 (データ作成日 2018/01/25)

[2018/02/02 16:11:49]
  エーブニューゲート → ネイチャーワンダー (データ作成日 2018/02/01)

[2018/02/02 16:11:49]
  プロセッション　　 → ネイチャーリスト　 (データ作成日 2018/02/01)

[2018/02/02 16:11:49]
  ガイアノナカマ　　 → ネイチャーシャトル (データ作成日 2018/02/01)

[2018/02/09 13:29:09]
  ヘニーマックズ　　 → ヘニーマックス　　 (データ作成日 2018/02/08)

[2018/09/04 01:43:49]
  ライジンライザー　 → ゴールデンゾーン　 (データ作成日 2018/03/29)

[2018/09/04 01:48:51]
  ビーナスサマー　　 → ケイゴールド　　　 (データ作成日 2018/04/26)

[2018/09/04 01:51:21]
  アドマイヤカレン　 → アドマイヤビーナス (データ作成日 2018/05/10)

[2018/09/04 01:54:01]
  タイゼンジジャク　 → フロンターレ　　　 (データ作成日 2018/05/24)

[2018/09/04 01:56:21]
  イギーザフール　　 → エラスタル　　　　 (データ作成日 2018/06/07)

[2018/09/04 01:56:23]
  シャドウゲイル　　 → アペタイザー　　　 (データ作成日 2018/06/07)

[2018/09/04 01:56:23]
  ブルーシャドウ　　 → ココフィーユ　　　 (データ作成日 2018/06/07)

[2018/09/04 01:57:28]
  フライトトゥヘヴン → フライトゥヘヴン　 (データ作成日 2018/06/14)

[2018/09/04 01:57:28]
  シャドウポセイドン → ティターヌ　　　　 (データ作成日 2018/06/14)

[2018/09/04 01:58:37]
  キタサンガトリン　 → キタサンバルカン　 (データ作成日 2018/06/21)

[2018/09/04 01:59:44]
  ウサギノタンゴ　　 → イデアエルピス　　 (データ作成日 2018/06/28)

[2018/09/04 02:05:42]
  ヴィットリアステラ → ヴィーヴァステラ　 (データ作成日 2018/08/02)

[2018/09/04 02:09:11]
  クラッシーチャチャ → ペレ　　　　　　　 (データ作成日 2018/08/23)

[2018/09/30 09:32:22]
  ジョーリクフレンズ → バッカーノ　　　　 (データ作成日 2018/09/27)

